==== pr.bat started at Sun 12/07/2025  4:14:59.76 ====
Initialized empty Git repository in D:/1ai/1A.L/0sync/.git/
To get started with GitHub CLI, please run:  gh auth login
Alternatively, populate the GH_TOKEN environment variable with a GitHub API authentication token.
log.txt lines: \1AI\1A.L\0SYNC\LOG.TXT 
warning: in the working copy of 'pr.log', LF will be replaced by CRLF the next time Git touches it
warning: in the working copy of 'sync_repo.sh', LF will be replaced by CRLF the next time Git touches it
[main (root-commit) ea20911] Sun 12/07/2025  4:15:00.26: 25-12-07 04:10 X-Voyager: Initialized 0sync project files
 10 files changed, 254 insertions(+)
 create mode 100644 .github/AGENTS.md
 create mode 100644 .github/instructions.md
 create mode 100644 README.md
 create mode 100644 book.md
 create mode 100644 log.txt
 create mode 100644 pr.bat
 create mode 100644 pr.log
 create mode 100644 sync_repo.bat
 create mode 100644 sync_repo.sh
 create mode 100644 tasks.md
remote: Repository not found.
fatal: repository 'https://github.com/Dark417/0sync.git/' not found
push failed, trying to set upstream 
remote: Repository not found.
fatal: repository 'https://github.com/Dark417/0sync.git/' not found
push failed 
==== pr.bat finished at Sun 12/07/2025  4:15:01.91 ====
==== pr.bat started at Sun 12/07/2025  4:18:56.00 ====
log.txt lines: \1AI\1A.L\0SYNC\LOG.TXT 
warning: in the working copy of 'pr.log', LF will be replaced by CRLF the next time Git touches it
[main 98f8ead] Sun 12/07/2025  4:18:56.10: 25-12-07 04:10 X-Voyager: Initialized 0sync project files
 2 files changed, 24 insertions(+)
remote: Repository not found.
fatal: repository 'https://github.com/Dark417/0sync.git/' not found
push failed, trying to set upstream 
remote: Repository not found.
fatal: repository 'https://github.com/Dark417/0sync.git/' not found
push failed 
==== pr.bat finished at Sun 12/07/2025  4:18:57.66 ====
==== pr.bat started at Sun 12/07/2025  4:24:05.16 ====
log.txt lines: \1AI\1A.L\0SYNC\LOG.TXT 
warning: in the working copy of 'pr.log', LF will be replaced by CRLF the next time Git touches it
[main cfc6097] Sun 12/07/2025  4:24:05.25: 25-12-07 04:10 X-Voyager: Initialized 0sync project files
 2 files changed, 13 insertions(+)
remote: Repository not found.
fatal: repository 'https://github.com/Dark417/0sync.git/' not found
push failed, trying to set upstream 
remote: Repository not found.
fatal: repository 'https://github.com/Dark417/0sync.git/' not found
push failed 
==== pr.bat finished at Sun 12/07/2025  4:24:06.59 ====
==== pr.bat started at Sun 12/07/2025  4:25:53.52 ====
log.txt lines: 1 
warning: in the working copy of 'pr.log', LF will be replaced by CRLF the next time Git touches it
[main 36e0cfe] Sun 12/07/2025  4:25:53.60: 25-12-07 04:10 X-Voyager: Initialized 0sync project files
 3 files changed, 41 insertions(+), 22 deletions(-)
remote: Repository not found.
fatal: repository 'https://github.com/Dark417/0sync.git/' not found
initial push failed, attempting to create remote or set origin 
remote: Repository not found.
fatal: repository 'https://github.com/Dark417/0sync.git/' not found
initial push retry failed 
==== pr.bat finished at Sun 12/07/2025  4:25:55.03 ====
==== pr.bat started at Sun 12/07/2025  4:29:59.94 ====
log.txt lines: 1 
warning: in the working copy of 'pr.log', LF will be replaced by CRLF the next time Git touches it
[main 1505e72] Sun 12/07/2025  4:30:00.02: 25-12-07 04:10 X-Voyager: Initialized 0sync project files
 3 files changed, 14 insertions(+), 1 deletion(-)
remote: Repository not found.
fatal: repository 'https://github.com/Dark417/0sync.git/' not found
initial push failed, attempting to create remote or set origin 
remote: Repository not found.
fatal: repository 'https://github.com/Dark417/0sync.git/' not found
initial push retry failed 
==== pr.bat finished at Sun 12/07/2025  4:30:01.48 ====
==== pr.bat started at Sun 12/07/2025  4:34:55.50 ====
==== pr.bat started at Sun 12/07/2025  4:35:37.35 ====
==== pr.bat started at Sun 12/07/2025  4:36:42.78 ====
log.txt lines: 1 
warning: in the working copy of 'pr.bat', LF will be replaced by CRLF the next time Git touches it
warning: in the working copy of 'pr.log', LF will be replaced by CRLF the next time Git touches it
[main 1f7de01] Sun 12/07/2025  4:36:42.85: 25-12-07 04:10 X-Voyager: Initialized 0sync project files
 3 files changed, 64 insertions(+), 26 deletions(-)
GraphQL: Could not resolve to a Repository with the name 'Dark417/0sync'. (repository)
remote repo not found; creating via gh 
https://github.com/Dark417/0sync
X Unable to add remote "origin"
branch 'main' set up to track 'origin/main'.
To https://github.com/Dark417/0sync.git
 * [new branch]      main -> main
==== pr.bat finished at Sun 12/07/2025  4:36:47.45 ====
==== pr.bat started at Sun 12/07/2025  4:37:56.77 ====
log.txt lines: 1 
